<?xml version="1.0" encoding="UTF-8"?>
<!-- Generated by org.testng.reporters.JUnitReportReporter -->
<testsuite hostname="cjing" name="cjsjy.interfacetest.TestPostPqmsLogin" tests="1" failures="1" timestamp="28 Jan 2019 06:09:55 GMT" time="0.001" errors="0">
  <testcase name="testPostRequest" time="0.001" classname="cjsjy.interfacetest.TestPostPqmsLogin">
    <failure type="com.alibaba.fastjson.JSONException" message="syntax error, pos 1, line 1, column 2&lt;!doctype html&gt;&lt;html lang=&quot;en&quot;&gt;&lt;head&gt;&lt;title&gt;HTTP Status 500 – Internal Server Error&lt;/title&gt;&lt;style type=&quot;text/css&quot;&gt;h1 {font-family:Tahoma,Arial,sans-serif;color:white;background-color:#525D76;font-size:22px;} h2 {font-family:Tahoma,Arial,sans-serif;color:white;background-color:#525D76;font-size:16px;} h3 {font-family:Tahoma,Arial,sans-serif;color:white;background-color:#525D76;font-size:14px;} body {font-family:Tahoma,Arial,sans-serif;color:black;background-color:white;} b {font-family:Tahoma,Arial,sans-serif;color:white;background-color:#525D76;} p {font-family:Tahoma,Arial,sans-serif;background:white;color:black;font-size:12px;} a {color:black;} a.name {color:black;} .line {height:1px;background-color:#525D76;border:none;}&lt;/style&gt;&lt;/head&gt;&lt;body&gt;&lt;h1&gt;HTTP Status 500 – Internal Server Error&lt;/h1&gt;&lt;hr class=&quot;line&quot; /&gt;&lt;p&gt;&lt;b&gt;Type&lt;/b&gt; Exception Report&lt;/p&gt;&lt;p&gt;&lt;b&gt;Message&lt;/b&gt; Request processing failed; nested exception is com.alibaba.fastjson.JSONException: syntax error, expect {, actual ident, pos 0&lt;/p&gt;&lt;p&gt;&lt;b&gt;Description&lt;/b&gt; The server encountered an unexpected condition that prevented it from fulfilling the request.&lt;/p&gt;&lt;p&gt;&lt;b&gt;Exception&lt;/b&gt;&lt;/p&gt;&lt;pre&gt;org.springframework.web.util.NestedServletException: Request processing failed; nested exception is com.alibaba.fastjson.JSONException: syntax error, expect {, actual ident, pos 0
	org.springframework.web.servlet.FrameworkServlet.processRequest(FrameworkServlet.java:982)
	org.springframework.web.servlet.FrameworkServlet.doPost(FrameworkServlet.java:872)
	javax.servlet.http.HttpServlet.service(HttpServlet.java:661)
	org.springframework.web.servlet.FrameworkServlet.service(FrameworkServlet.java:846)
	javax.servlet.http.HttpServlet.service(HttpServlet.java:742)
	org.springframework.web.filter.HiddenHttpMethodFilter.doFilterInternal(HiddenHttpMethodFilter.java:81)
	org.springframework.web.filter.OncePerRequestFilter.doFilter(OncePerRequestFilter.java:107)
	org.apache.tomcat.websocket.server.WsFilter.doFilter(WsFilter.java:52)
	org.springframework.web.filter.CharacterEncodingFilter.doFilterInternal(CharacterEncodingFilter.java:197)
	org.springframework.web.filter.OncePerRequestFilter.doFilter(OncePerRequestFilter.java:107)
&lt;/pre&gt;&lt;p&gt;&lt;b&gt;Root Cause&lt;/b&gt;&lt;/p&gt;&lt;pre&gt;com.alibaba.fastjson.JSONException: syntax error, expect {, actual ident, pos 0
	com.alibaba.fastjson.parser.deserializer.JavaBeanDeserializer.deserialze(JavaBeanDeserializer.java:337)
	com.alibaba.fastjson.parser.deserializer.JavaBeanDeserializer.deserialze(JavaBeanDeserializer.java:189)
	com.alibaba.fastjson.parser.deserializer.JavaBeanDeserializer.deserialze(JavaBeanDeserializer.java:185)
	com.alibaba.fastjson.parser.DefaultJSONParser.parseObject(DefaultJSONParser.java:614)
	com.alibaba.fastjson.JSON.parseObject(JSON.java:339)
	com.alibaba.fastjson.JSON.parseObject(JSON.java:307)
	com.alibaba.fastjson.JSON.parseObject(JSON.java:270)
	com.alibaba.fastjson.JSON.parseObject(JSON.java:370)
	com.alibaba.fastjson.JSON.parseObject(JSON.java:452)
	com.alibaba.fastjson.support.spring.FastJsonHttpMessageConverter.read(FastJsonHttpMessageConverter.java:192)
	org.springframework.web.servlet.mvc.method.annotation.AbstractMessageConverterMethodArgumentResolver.readWithMessageConverters(AbstractMessageConverterMethodArgumentResolver.java:201)
	org.springframework.web.servlet.mvc.method.annotation.RequestResponseBodyMethodProcessor.readWithMessageConverters(RequestResponseBodyMethodProcessor.java:150)
	org.springframework.web.servlet.mvc.method.annotation.RequestResponseBodyMethodProcessor.resolveArgument(RequestResponseBodyMethodProcessor.java:128)
	org.springframework.web.method.support.HandlerMethodArgumentResolverComposite.resolveArgument(HandlerMethodArgumentResolverComposite.java:121)
	org.springframework.web.method.support.InvocableHandlerMethod.getMethodArgumentValues(InvocableHandlerMethod.java:158)
	org.springframework.web.method.support.InvocableHandlerMethod.invokeForRequest(InvocableHandlerMethod.java:128)
	org.springframework.web.servlet.mvc.method.annotation.ServletInvocableHandlerMethod.invokeAndHandle(ServletInvocableHandlerMethod.java:97)
	org.springframework.web.servlet.mvc.method.annotation.RequestMappingHandlerAdapter.invokeHandlerMethod(RequestMappingHandlerAdapter.java:827)
	org.springframework.web.servlet.mvc.method.annotation.RequestMappingHandlerAdapter.handleInternal(RequestMappingHandlerAdapter.java:738)
	org.springframework.web.servlet.mvc.method.AbstractHandlerMethodAdapter.handle(AbstractHandlerMethodAdapter.java:85)
	org.springframework.web.servlet.DispatcherServlet.doDispatch(DispatcherServlet.java:967)
	org.springframework.web.servlet.DispatcherServlet.doService(DispatcherServlet.java:901)
	org.springframework.web.servlet.FrameworkServlet.processRequest(FrameworkServlet.java:970)
	org.springframework.web.servlet.FrameworkServlet.doPost(FrameworkServlet.java:872)
	javax.servlet.http.HttpServlet.service(HttpServlet.java:661)
	org.springframework.web.servlet.FrameworkServlet.service(FrameworkServlet.java:846)
	javax.servlet.http.HttpServlet.service(HttpServlet.java:742)
	org.springframework.web.filter.HiddenHttpMethodFilter.doFilterInternal(HiddenHttpMethodFilter.java:81)
	org.springframework.web.filter.OncePerRequestFilter.doFilter(OncePerRequestFilter.java:107)
	org.apache.tomcat.websocket.server.WsFilter.doFilter(WsFilter.java:52)
	org.springframework.web.filter.CharacterEncodingFilter.doFilterInternal(CharacterEncodingFilter.java:197)
	org.springframework.web.filter.OncePerRequestFilter.doFilter(OncePerRequestFilter.java:107)
&lt;/pre&gt;&lt;p&gt;&lt;b&gt;Note&lt;/b&gt; The full stack trace of the root cause is available in the server logs.&lt;/p&gt;&lt;hr class=&quot;line&quot; /&gt;&lt;h3&gt;Apache Tomcat/8.5.29&lt;/h3&gt;&lt;/body&gt;&lt;/html&gt;">
      <![CDATA[com.alibaba.fastjson.JSONException: syntax error, pos 1, line 1, column 2<!doctype html><html lang="en"><head><title>HTTP Status 500 – Internal Server Error</title><style type="text/css">h1 {font-family:Tahoma,Arial,sans-serif;color:white;background-color:#525D76;font-size:22px;} h2 {font-family:Tahoma,Arial,sans-serif;color:white;background-color:#525D76;font-size:16px;} h3 {font-family:Tahoma,Arial,sans-serif;color:white;background-color:#525D76;font-size:14px;} body {font-family:Tahoma,Arial,sans-serif;color:black;background-color:white;} b {font-family:Tahoma,Arial,sans-serif;color:white;background-color:#525D76;} p {font-family:Tahoma,Arial,sans-serif;background:white;color:black;font-size:12px;} a {color:black;} a.name {color:black;} .line {height:1px;background-color:#525D76;border:none;}</style></head><body><h1>HTTP Status 500 – Internal Server Error</h1><hr class="line" /><p><b>Type</b> Exception Report</p><p><b>Message</b> Request processing failed; nested exception is com.alibaba.fastjson.JSONException: syntax error, expect {, actual ident, pos 0</p><p><b>Description</b> The server encountered an unexpected condition that prevented it from fulfilling the request.</p><p><b>Exception</b></p><pre>org.springframework.web.util.NestedServletException: Request processing failed; nested exception is com.alibaba.fastjson.JSONException: syntax error, expect {, actual ident, pos 0
	org.springframework.web.servlet.FrameworkServlet.processRequest(FrameworkServlet.java:982)
	org.springframework.web.servlet.FrameworkServlet.doPost(FrameworkServlet.java:872)
	javax.servlet.http.HttpServlet.service(HttpServlet.java:661)
	org.springframework.web.servlet.FrameworkServlet.service(FrameworkServlet.java:846)
	javax.servlet.http.HttpServlet.service(HttpServlet.java:742)
	org.springframework.web.filter.HiddenHttpMethodFilter.doFilterInternal(HiddenHttpMethodFilter.java:81)
	org.springframework.web.filter.OncePerRequestFilter.doFilter(OncePerRequestFilter.java:107)
	org.apache.tomcat.websocket.server.WsFilter.doFilter(WsFilter.java:52)
	org.springframework.web.filter.CharacterEncodingFilter.doFilterInternal(CharacterEncodingFilter.java:197)
	org.springframework.web.filter.OncePerRequestFilter.doFilter(OncePerRequestFilter.java:107)
</pre><p><b>Root Cause</b></p><pre>com.alibaba.fastjson.JSONException: syntax error, expect {, actual ident, pos 0
	com.alibaba.fastjson.parser.deserializer.JavaBeanDeserializer.deserialze(JavaBeanDeserializer.java:337)
	com.alibaba.fastjson.parser.deserializer.JavaBeanDeserializer.deserialze(JavaBeanDeserializer.java:189)
	com.alibaba.fastjson.parser.deserializer.JavaBeanDeserializer.deserialze(JavaBeanDeserializer.java:185)
	com.alibaba.fastjson.parser.DefaultJSONParser.parseObject(DefaultJSONParser.java:614)
	com.alibaba.fastjson.JSON.parseObject(JSON.java:339)
	com.alibaba.fastjson.JSON.parseObject(JSON.java:307)
	com.alibaba.fastjson.JSON.parseObject(JSON.java:270)
	com.alibaba.fastjson.JSON.parseObject(JSON.java:370)
	com.alibaba.fastjson.JSON.parseObject(JSON.java:452)
	com.alibaba.fastjson.support.spring.FastJsonHttpMessageConverter.read(FastJsonHttpMessageConverter.java:192)
	org.springframework.web.servlet.mvc.method.annotation.AbstractMessageConverterMethodArgumentResolver.readWithMessageConverters(AbstractMessageConverterMethodArgumentResolver.java:201)
	org.springframework.web.servlet.mvc.method.annotation.RequestResponseBodyMethodProcessor.readWithMessageConverters(RequestResponseBodyMethodProcessor.java:150)
	org.springframework.web.servlet.mvc.method.annotation.RequestResponseBodyMethodProcessor.resolveArgument(RequestResponseBodyMethodProcessor.java:128)
	org.springframework.web.method.support.HandlerMethodArgumentResolverComposite.resolveArgument(HandlerMethodArgumentResolverComposite.java:121)
	org.springframework.web.method.support.InvocableHandlerMethod.getMethodArgumentValues(InvocableHandlerMethod.java:158)
	org.springframework.web.method.support.InvocableHandlerMethod.invokeForRequest(InvocableHandlerMethod.java:128)
	org.springframework.web.servlet.mvc.method.annotation.ServletInvocableHandlerMethod.invokeAndHandle(ServletInvocableHandlerMethod.java:97)
	org.springframework.web.servlet.mvc.method.annotation.RequestMappingHandlerAdapter.invokeHandlerMethod(RequestMappingHandlerAdapter.java:827)
	org.springframework.web.servlet.mvc.method.annotation.RequestMappingHandlerAdapter.handleInternal(RequestMappingHandlerAdapter.java:738)
	org.springframework.web.servlet.mvc.method.AbstractHandlerMethodAdapter.handle(AbstractHandlerMethodAdapter.java:85)
	org.springframework.web.servlet.DispatcherServlet.doDispatch(DispatcherServlet.java:967)
	org.springframework.web.servlet.DispatcherServlet.doService(DispatcherServlet.java:901)
	org.springframework.web.servlet.FrameworkServlet.processRequest(FrameworkServlet.java:970)
	org.springframework.web.servlet.FrameworkServlet.doPost(FrameworkServlet.java:872)
	javax.servlet.http.HttpServlet.service(HttpServlet.java:661)
	org.springframework.web.servlet.FrameworkServlet.service(FrameworkServlet.java:846)
	javax.servlet.http.HttpServlet.service(HttpServlet.java:742)
	org.springframework.web.filter.HiddenHttpMethodFilter.doFilterInternal(HiddenHttpMethodFilter.java:81)
	org.springframework.web.filter.OncePerRequestFilter.doFilter(OncePerRequestFilter.java:107)
	org.apache.tomcat.websocket.server.WsFilter.doFilter(WsFilter.java:52)
	org.springframework.web.filter.CharacterEncodingFilter.doFilterInternal(CharacterEncodingFilter.java:197)
	org.springframework.web.filter.OncePerRequestFilter.doFilter(OncePerRequestFilter.java:107)
</pre><p><b>Note</b> The full stack trace of the root cause is available in the server logs.</p><hr class="line" /><h3>Apache Tomcat/8.5.29</h3></body></html>
	at com.alibaba.fastjson.parser.DefaultJSONParser.parse(DefaultJSONParser.java:1447)
	at com.alibaba.fastjson.parser.DefaultJSONParser.parse(DefaultJSONParser.java:1333)
	at com.alibaba.fastjson.JSON.parse(JSON.java:155)
	at com.alibaba.fastjson.JSON.parse(JSON.java:165)
	at com.alibaba.fastjson.JSON.parse(JSON.java:134)
	at com.alibaba.fastjson.JSON.parseObject(JSON.java:226)
	at com.test.client.PostClient.getBodyInJSON(PostClient.java:79)
	at cjsjy.interfacetest.TestPostPqmsLogin.beforeClass(TestPostPqmsLogin.java:51)
	at sun.reflect.NativeMethodAccessorImpl.invoke0(Native Method)
	at sun.reflect.NativeMethodAccessorImpl.invoke(Unknown Source)
	at sun.reflect.DelegatingMethodAccessorImpl.invoke(Unknown Source)
	at java.lang.reflect.Method.invoke(Unknown Source)
	at org.testng.internal.MethodInvocationHelper.invokeMethod(MethodInvocationHelper.java:84)
	at org.testng.internal.Invoker.invokeConfigurationMethod(Invoker.java:564)
	at org.testng.internal.Invoker.invokeConfigurations(Invoker.java:213)
	at org.testng.internal.Invoker.invokeConfigurations(Invoker.java:138)
	at org.testng.internal.TestMethodWorker.invokeBeforeClassMethods(TestMethodWorker.java:175)
	at org.testng.internal.TestMethodWorker.run(TestMethodWorker.java:107)
	at org.testng.TestRunner.privateRun(TestRunner.java:767)
	at org.testng.TestRunner.run(TestRunner.java:617)
	at org.testng.SuiteRunner.runTest(SuiteRunner.java:348)
	at org.testng.SuiteRunner.runSequentially(SuiteRunner.java:343)
	at org.testng.SuiteRunner.privateRun(SuiteRunner.java:305)
	at org.testng.SuiteRunner.run(SuiteRunner.java:254)
	at org.testng.SuiteRunnerWorker.runSuite(SuiteRunnerWorker.java:52)
	at org.testng.SuiteRunnerWorker.run(SuiteRunnerWorker.java:86)
	at org.testng.TestNG.runSuitesSequentially(TestNG.java:1224)
	at org.testng.TestNG.runSuitesLocally(TestNG.java:1149)
	at org.testng.TestNG.run(TestNG.java:1057)
	at org.testng.remote.AbstractRemoteTestNG.run(AbstractRemoteTestNG.java:114)
	at org.testng.remote.RemoteTestNG.initAndRun(RemoteTestNG.java:251)
	at org.testng.remote.RemoteTestNG.main(RemoteTestNG.java:77)
]]>
    </failure>
  </testcase> <!-- testPostRequest -->
</testsuite> <!-- cjsjy.interfacetest.TestPostPqmsLogin -->
