<?xml version="1.0" encoding="UTF-8"?>
<!-- Generated by org.testng.reporters.JUnitReportReporter -->
<testsuite hostname="cjing" name="cjsjy.interfacetest.TestGetPhone" tests="1" failures="0" timestamp="18 Jan 2019 03:17:53 GMT" time="0.006" errors="0">
  <testcase name="TestGetRequest" time="0.006" classname="cjsjy.interfacetest.TestGetPhone"/>
</testsuite> <!-- cjsjy.interfacetest.TestGetPhone -->
