<?xml version="1.0" encoding="UTF-8"?>
<!-- Generated by org.testng.reporters.JUnitReportReporter -->
<testsuite hostname="cjing" name="com.test.api.TestGet" tests="1" failures="0" timestamp="11 Jan 2019 01:42:46 GMT" time="0.005" errors="0">
  <testcase name="TestGetRequest" time="0.005" classname="com.test.api.TestGet"/>
</testsuite> <!-- com.test.api.TestGet -->
