<?xml version="1.0" encoding="UTF-8"?>
<!-- Generated by org.testng.reporters.JUnitReportReporter -->
<testsuite hostname="cjing" name="cjsjy.interfacetest.TestPostOil" tests="1" failures="0" timestamp="18 Jan 2019 07:38:18 GMT" time="0.005" errors="0">
  <testcase name="testPostRequest" time="0.005" classname="cjsjy.interfacetest.TestPostOil"/>
</testsuite> <!-- cjsjy.interfacetest.TestPostOil -->
