<?xml version="1.0" encoding="UTF-8"?>
<!-- Generated by org.testng.reporters.JUnitReportReporter -->
<testsuite hostname="cjing" name="cjsjy.interfacetest.TestPost" tests="1" failures="0" timestamp="15 Jan 2019 00:50:40 GMT" time="0.005" errors="0">
  <testcase name="testPostRequest" time="0.005" classname="cjsjy.interfacetest.TestPost"/>
</testsuite> <!-- cjsjy.interfacetest.TestPost -->
