<?xml version="1.0" encoding="UTF-8"?>
<!-- Generated by org.testng.reporters.JUnitReportReporter -->
<testsuite hostname="cjing" name="cjsjy.interfacetest.TestPostAddUser" tests="1" failures="0" timestamp="21 Feb 2019 03:12:41 GMT" time="0.005" errors="0">
  <testcase name="testPostRequest" time="0.005" classname="cjsjy.interfacetest.TestPostAddUser"/>
</testsuite> <!-- cjsjy.interfacetest.TestPostAddUser -->
