<?xml version="1.0" encoding="UTF-8"?>
<!-- Generated by org.testng.reporters.JUnitReportReporter -->
<testsuite hostname="cjing" name="cjsjy.interfacetest.TestPostAddDep" tests="1" failures="0" timestamp="26 Feb 2019 00:48:44 GMT" time="0.008" errors="0">
  <testcase name="testPostRequest" time="0.008" classname="cjsjy.interfacetest.TestPostAddDep"/>
</testsuite> <!-- cjsjy.interfacetest.TestPostAddDep -->
